<?xml version="1.0" encoding="UTF-8"?>
<testng-results skipped="1" failed="0" ignored="0" total="2" passed="1">
  <reporter-output>
    <line>
      <![CDATA[<br>Verification Failure : expected [abc] but found [def]<br>]]>
    </line>
    <line>
      <![CDATA[<a target="_blank" href=C:\Workspace\Maven\DataDrivenFramework4\target\surefire-reports\html\Fri_Feb_23_17_24_22_IST_2018.jpg><img src=C:\Workspace\Maven\DataDrivenFramework4\target\surefire-reports\html\Fri_Feb_23_17_24_22_IST_2018.jpg height=200 width=200></img></a>]]>
    </line>
    <line>
      <![CDATA[<br>]]>
    </line>
    <line>
      <![CDATA[<br>]]>
    </line>
    <line>
      <![CDATA[Login Test succesfully executed]]>
    </line>
  </reporter-output>
  <suite name="Data Driven Basics" duration-ms="11436" started-at="2018-02-23T11:54:20Z" finished-at="2018-02-23T11:54:32Z">
    <groups>
    </groups>
    <test name="LoginTest" duration-ms="11436" started-at="2018-02-23T11:54:20Z" finished-at="2018-02-23T11:54:32Z">
      <class name="com.selenium.testcases.LoginTest">
        <test-method status="PASS" signature="setUp()[pri:0, instance:com.selenium.testcases.LoginTest@1cf94f8]" name="setUp" is-config="true" duration-ms="12253" started-at="2018-02-23T17:24:08Z" finished-at="2018-02-23T17:24:20Z">
          <reporter-output>
          </reporter-output>
        </test-method> <!-- setUp -->
        <test-method status="PASS" signature="loginTest(java.util.Hashtable)[pri:0, instance:com.selenium.testcases.LoginTest@1cf94f8]" name="loginTest" duration-ms="10750" started-at="2018-02-23T17:24:21Z" data-provider="dp" finished-at="2018-02-23T17:24:31Z">
          <params>
            <param index="0">
              <value>
                <![CDATA[{Password=indianic, Runmode=Y, Email=KenWilliamson}]]>
              </value>
            </param>
          </params>
          <reporter-output>
            <line>
              <![CDATA[<br>Verification Failure : expected [abc] but found [def]<br>]]>
            </line>
            <line>
              <![CDATA[<a target="_blank" href=C:\Workspace\Maven\DataDrivenFramework4\target\surefire-reports\html\Fri_Feb_23_17_24_22_IST_2018.jpg><img src=C:\Workspace\Maven\DataDrivenFramework4\target\surefire-reports\html\Fri_Feb_23_17_24_22_IST_2018.jpg height=200 width=200></img></a>]]>
            </line>
            <line>
              <![CDATA[<br>]]>
            </line>
            <line>
              <![CDATA[<br>]]>
            </line>
            <line>
              <![CDATA[Login Test succesfully executed]]>
            </line>
          </reporter-output>
        </test-method> <!-- loginTest -->
        <test-method status="SKIP" signature="loginTest(java.util.Hashtable)[pri:0, instance:com.selenium.testcases.LoginTest@1cf94f8]" name="loginTest" duration-ms="0" started-at="2018-02-23T17:24:32Z" data-provider="dp" finished-at="2018-02-23T17:24:32Z">
          <params>
            <param index="0">
              <value>
                <![CDATA[{Password=Indnic#1234, Runmode=N, Email=DavidMartin12 }]]>
              </value>
            </param>
          </params>
          <exception class="org.testng.SkipException">
            <message>
              <![CDATA[Skipping the test case as the run mode for data is set to No]]>
            </message>
            <full-stacktrace>
              <![CDATA[org.testng.SkipException: Skipping the test case as the run mode for data is set to No
	at com.selenium.testcases.LoginTest.loginTest(LoginTest.java:26)
	at sun.reflect.NativeMethodAccessorImpl.invoke0(Native Method)
	at sun.reflect.NativeMethodAccessorImpl.invoke(NativeMethodAccessorImpl.java:62)
	at sun.reflect.DelegatingMethodAccessorImpl.invoke(DelegatingMethodAccessorImpl.java:43)
	at java.lang.reflect.Method.invoke(Method.java:498)
	at org.testng.internal.MethodInvocationHelper.invokeMethod(MethodInvocationHelper.java:108)
	at org.testng.internal.Invoker.invokeMethod(Invoker.java:661)
	at org.testng.internal.Invoker.invokeTestMethod(Invoker.java:869)
	at org.testng.internal.Invoker.invokeTestMethods(Invoker.java:1193)
	at org.testng.internal.TestMethodWorker.invokeTestMethods(TestMethodWorker.java:126)
	at org.testng.internal.TestMethodWorker.run(TestMethodWorker.java:109)
	at org.testng.TestRunner.privateRun(TestRunner.java:744)
	at org.testng.TestRunner.run(TestRunner.java:602)
	at org.testng.SuiteRunner.runTest(SuiteRunner.java:380)
	at org.testng.SuiteRunner.runSequentially(SuiteRunner.java:375)
	at org.testng.SuiteRunner.privateRun(SuiteRunner.java:340)
	at org.testng.SuiteRunner.run(SuiteRunner.java:289)
	at org.testng.SuiteRunnerWorker.runSuite(SuiteRunnerWorker.java:52)
	at org.testng.SuiteRunnerWorker.run(SuiteRunnerWorker.java:86)
	at org.testng.TestNG.runSuitesSequentially(TestNG.java:1301)
	at org.testng.TestNG.runSuitesLocally(TestNG.java:1226)
	at org.testng.TestNG.runSuites(TestNG.java:1144)
	at org.testng.TestNG.run(TestNG.java:1115)
	at org.apache.maven.surefire.testng.TestNGExecutor.run(TestNGExecutor.java:295)
	at org.apache.maven.surefire.testng.TestNGXmlTestSuite.execute(TestNGXmlTestSuite.java:84)
	at org.apache.maven.surefire.testng.TestNGProvider.invoke(TestNGProvider.java:90)
	at org.apache.maven.surefire.booter.ForkedBooter.invokeProviderInSameClassLoader(ForkedBooter.java:203)
	at org.apache.maven.surefire.booter.ForkedBooter.runSuitesInProcess(ForkedBooter.java:155)
	at org.apache.maven.surefire.booter.ForkedBooter.main(ForkedBooter.java:103)
]]>
            </full-stacktrace>
          </exception> <!-- org.testng.SkipException -->
          <reporter-output>
          </reporter-output>
        </test-method> <!-- loginTest -->
        <test-method status="PASS" signature="tearDown()[pri:0, instance:com.selenium.testcases.LoginTest@1cf94f8]" name="tearDown" is-config="true" duration-ms="2192" started-at="2018-02-23T17:24:32Z" finished-at="2018-02-23T17:24:34Z">
          <reporter-output>
          </reporter-output>
        </test-method> <!-- tearDown -->
      </class> <!-- com.selenium.testcases.LoginTest -->
    </test> <!-- LoginTest -->
  </suite> <!-- Data Driven Basics -->
</testng-results>
