<?xml version="1.0" encoding="UTF-8"?>
<!-- Generated by org.testng.reporters.JUnitXMLReporter -->
<testsuite hostname="ind496" ignored="0" name="LoginTest" tests="1" failures="1" timestamp="20 Feb 2018 12:33:37 GMT" time="9.726" errors="0">
  <testcase name="loginAsBuyer" time="9.689" classname="com.selenium.testcases.LoginTest">
    <failure type="java.lang.AssertionError" message="null">
      <![CDATA[java.lang.AssertionError: null
	at com.selenium.testcases.LoginTest.loginAsBuyer(LoginTest.java:33)
... Removed 27 stack frames]]>
    </failure>
  </testcase> <!-- loginAsBuyer -->
</testsuite> <!-- LoginTest -->
