<?xml version="1.0" encoding="UTF-8"?>
<testng-results skipped="0" failed="0" ignored="0" total="1" passed="1">
  <reporter-output>
  </reporter-output>
  <suite name="Default suite" duration-ms="2824" started-at="2018-02-22T05:05:29Z" finished-at="2018-02-22T05:05:32Z">
    <groups>
    </groups>
    <test name="Default test" duration-ms="2824" started-at="2018-02-22T05:05:29Z" finished-at="2018-02-22T05:05:32Z">
      <class name="com.selenium.utilities.TestUtil">
        <test-method status="PASS" signature="setUp()[pri:0, instance:com.selenium.utilities.TestUtil@52f2a2]" name="setUp" is-config="true" duration-ms="13776" started-at="2018-02-22T10:35:16Z" finished-at="2018-02-22T10:35:29Z">
          <reporter-output>
          </reporter-output>
        </test-method> <!-- setUp -->
        <test-method status="PASS" signature="captureScreenshot()[pri:0, instance:com.selenium.utilities.TestUtil@52f2a2]" name="captureScreenshot" duration-ms="2778" started-at="2018-02-22T10:35:29Z" finished-at="2018-02-22T10:35:32Z">
          <reporter-output>
          </reporter-output>
        </test-method> <!-- captureScreenshot -->
        <test-method status="PASS" signature="tearDown()[pri:0, instance:com.selenium.utilities.TestUtil@52f2a2]" name="tearDown" is-config="true" duration-ms="1914" started-at="2018-02-22T10:35:32Z" finished-at="2018-02-22T10:35:34Z">
          <reporter-output>
          </reporter-output>
        </test-method> <!-- tearDown -->
      </class> <!-- com.selenium.utilities.TestUtil -->
    </test> <!-- Default test -->
  </suite> <!-- Default suite -->
</testng-results>
